<?xml version="1.0" encoding="UTF-8"?>
<!-- Generated by org.testng.reporters.JUnitReportReporter -->
<testsuite hostname="VJ-ThinkVersion" failures="0" tests="3" name="sampmaven.HomeModuelTest" time="0.009" errors="0" timestamp="2022-05-24T07:43:48 IST" skipped="0">
  <testcase classname="sampmaven.HomeModuelTest" name="TicketBooking" time="0.000"/>
  <system-out/>
  <testcase classname="sampmaven.HomeModuelTest" name="Ticketstatus" time="0.000"/>
  <system-out/>
  <testcase classname="sampmaven.HomeModuelTest" name="Searchbuses" time="0.009"/>
  <system-out/>
</testsuite> <!-- sampmaven.HomeModuelTest -->
