<?xml version="1.0" encoding="UTF-8"?>
<!-- Generated by org.testng.reporters.JUnitReportReporter -->
<testsuite hostname="VJ-ThinkVersion" failures="0" tests="2" name="sampmaven.SignupModuleTest" time="3.968" errors="0" timestamp="2022-05-17T09:36:47 IST" skipped="0">
  <testcase classname="sampmaven.SignupModuleTest" name="WebLogin" time="3.962"/>
  <system-out/>
  <testcase classname="sampmaven.SignupModuleTest" name="Forgetpassword" time="0.006"/>
  <system-out/>
</testsuite> <!-- sampmaven.SignupModuleTest -->
