<?xml version="1.0" encoding="UTF-8"?>
<!-- Generated by org.testng.reporters.JUnitReportReporter -->
<testsuite hostname="VJ-ThinkVersion" failures="0" tests="3" name="sampmaven.HomeModuelTest" time="0.031" errors="0" timestamp="2022-05-24T09:56:46 IST" skipped="0">
  <testcase classname="sampmaven.HomeModuelTest" name="Searchbuses" time="0.020"/>
  <system-out/>
  <testcase classname="sampmaven.HomeModuelTest" name="TicketBooking" time="0.009"/>
  <system-out/>
  <testcase classname="sampmaven.HomeModuelTest" name="Ticketstatus" time="0.002"/>
  <system-out/>
</testsuite> <!-- sampmaven.HomeModuelTest -->
