<?xml version="1.0" encoding="UTF-8"?>
<!-- Generated by org.testng.reporters.JUnitReportReporter -->
<testsuite hostname="VJ-ThinkVersion" failures="0" tests="2" name="sampmaven.SignupModuleTest" time="6.279" errors="0" timestamp="2022-05-20T10:14:06 IST" skipped="0">
  <testcase classname="sampmaven.SignupModuleTest" name="Forgetpassword" time="0.013"/>
  <system-out/>
  <testcase classname="sampmaven.SignupModuleTest" name="LoginNameValidation" time="6.266"/>
  <system-out/>
</testsuite> <!-- sampmaven.SignupModuleTest -->
